# JRE version: OpenJDK Runtime Environment (11.0.13) (build 11.0.13+0-b1751.21-8125866)
# Java VM: OpenJDK 64-Bit Server VM (11.0.13+0-b1751.21-8125866, mixed mode, tiered, compressed oops, g1 gc, windows-amd64)
Heap:
 garbage-first heap   total 189440K, used 131392K [0x0000000080000000, 0x0000000100000000)
  region size 1024K, 86 young (88064K), 12 survivors (12288K)
 Metaspace       used 72745K, capacity 74553K, committed 74876K, reserved 1114112K
  class space    used 9434K, capacity 10103K, committed 10188K, reserved 1048576K
GC Heap History (20 events):
Event: 1.054 GC heap before
{Heap before GC invocations=1 (full 0):
 garbage-first heap   total 131072K, used 84225K [0x0000000080000000, 0x0000000100000000)
  region size 1024K, 76 young (77824K), 3 survivors (3072K)
 Metaspace       used 17539K, capacity 18017K, committed 18176K, reserved 1064960K
  class space    used 2040K, capacity 2179K, committed 2304K, reserved 1048576K
}
Event: 1.060 GC heap after
{Heap after GC invocations=2 (full 0):
 garbage-first heap   total 131072K, used 16457K [0x0000000080000000, 0x0000000100000000)
  region size 1024K, 10 young (10240K), 10 survivors (10240K)
 Metaspace       used 17539K, capacity 18017K, committed 18176K, reserved 1064960K
  class space    used 2040K, capacity 2179K, committed 2304K, reserved 1048576K
}
Event: 1.265 GC heap before
{Heap before GC invocations=2 (full 0):
 garbage-first heap   total 131072K, used 46153K [0x0000000080000000, 0x0000000100000000)
  region size 1024K, 40 young (40960K), 10 survivors (10240K)
 Metaspace       used 20772K, capacity 21199K, committed 21296K, reserved 1069056K
  class space    used 2527K, capacity 2686K, committed 2688K, reserved 1048576K
}
Event: 1.270 GC heap after
{Heap after GC invocations=3 (full 0):
 garbage-first heap   total 131072K, used 17183K [0x0000000080000000, 0x0000000100000000)
  region size 1024K, 2 young (2048K), 2 survivors (2048K)
 Metaspace       used 20772K, capacity 21199K, committed 21296K, reserved 1069056K
  class space    used 2527K, capacity 2686K, committed 2688K, reserved 1048576K
}
Event: 1.692 GC heap before
{Heap before GC invocations=4 (full 0):
 garbage-first heap   total 131072K, used 72479K [0x0000000080000000, 0x0000000100000000)
  region size 1024K, 56 young (57344K), 2 survivors (2048K)
 Metaspace       used 26677K, capacity 27325K, committed 27516K, reserved 1073152K
  class space    used 3447K, capacity 3674K, committed 3788K, reserved 1048576K
}
Event: 1.694 GC heap after
{Heap after GC invocations=5 (full 0):
 garbage-first heap   total 131072K, used 19081K [0x0000000080000000, 0x0000000100000000)
  region size 1024K, 4 young (4096K), 4 survivors (4096K)
 Metaspace       used 26677K, capacity 27325K, committed 27516K, reserved 1073152K
  class space    used 3447K, capacity 3674K, committed 3788K, reserved 1048576K
}
Event: 2.184 GC heap before
{Heap before GC invocations=5 (full 0):
 garbage-first heap   total 131072K, used 79497K [0x0000000080000000, 0x0000000100000000)
  region size 1024K, 64 young (65536K), 4 survivors (4096K)
 Metaspace       used 35200K, capacity 35949K, committed 35964K, reserved 1081344K
  class space    used 4518K, capacity 4808K, committed 4812K, reserved 1048576K
}
Event: 2.190 GC heap after
{Heap after GC invocations=6 (full 0):
 garbage-first heap   total 131072K, used 22589K [0x0000000080000000, 0x0000000100000000)
  region size 1024K, 7 young (7168K), 7 survivors (7168K)
 Metaspace       used 35200K, capacity 35949K, committed 35964K, reserved 1081344K
  class space    used 4518K, capacity 4808K, committed 4812K, reserved 1048576K
}
Event: 2.597 GC heap before
{Heap before GC invocations=7 (full 0):
 garbage-first heap   total 131072K, used 89149K [0x0000000080000000, 0x0000000100000000)
  region size 1024K, 69 young (70656K), 7 survivors (7168K)
 Metaspace       used 39919K, capacity 40844K, committed 40956K, reserved 1085440K
  class space    used 5052K, capacity 5409K, committed 5452K, reserved 1048576K
}
Event: 2.605 GC heap after
{Heap after GC invocations=8 (full 0):
 garbage-first heap   total 157696K, used 27588K [0x0000000080000000, 0x0000000100000000)
  region size 1024K, 9 young (9216K), 9 survivors (9216K)
 Metaspace       used 39919K, capacity 40844K, committed 40956K, reserved 1085440K
  class space    used 5052K, capacity 5409K, committed 5452K, reserved 1048576K
}
Event: 3.101 GC heap before
{Heap before GC invocations=8 (full 0):
 garbage-first heap   total 157696K, used 104388K [0x0000000080000000, 0x0000000100000000)
  region size 1024K, 84 young (86016K), 9 survivors (9216K)
 Metaspace       used 46852K, capacity 48016K, committed 48124K, reserved 1091584K
  class space    used 5952K, capacity 6385K, committed 6476K, reserved 1048576K
}
Event: 3.106 GC heap after
{Heap after GC invocations=9 (full 0):
 garbage-first heap   total 157696K, used 30515K [0x0000000080000000, 0x0000000100000000)
  region size 1024K, 8 young (8192K), 8 survivors (8192K)
 Metaspace       used 46852K, capacity 48016K, committed 48124K, reserved 1091584K
  class space    used 5952K, capacity 6385K, committed 6476K, reserved 1048576K
}
Event: 3.714 GC heap before
{Heap before GC invocations=9 (full 0):
 garbage-first heap   total 157696K, used 117555K [0x0000000080000000, 0x0000000100000000)
  region size 1024K, 89 young (91136K), 8 survivors (8192K)
 Metaspace       used 50469K, capacity 51869K, committed 51964K, reserved 1093632K
  class space    used 6388K, capacity 6933K, committed 6988K, reserved 1048576K
}
Event: 3.720 GC heap after
{Heap after GC invocations=10 (full 0):
 garbage-first heap   total 157696K, used 42387K [0x0000000080000000, 0x0000000100000000)
  region size 1024K, 11 young (11264K), 11 survivors (11264K)
 Metaspace       used 50469K, capacity 51869K, committed 51964K, reserved 1093632K
  class space    used 6388K, capacity 6933K, committed 6988K, reserved 1048576K
}
Event: 4.297 GC heap before
{Heap before GC invocations=10 (full 0):
 garbage-first heap   total 157696K, used 100755K [0x0000000080000000, 0x0000000100000000)
  region size 1024K, 69 young (70656K), 11 survivors (11264K)
 Metaspace       used 58911K, capacity 60411K, committed 60580K, reserved 1101824K
  class space    used 7450K, capacity 8006K, committed 8012K, reserved 1048576K
}
Event: 4.307 GC heap after
{Heap after GC invocations=11 (full 0):
 garbage-first heap   total 157696K, used 45360K [0x0000000080000000, 0x0000000100000000)
  region size 1024K, 4 young (4096K), 4 survivors (4096K)
 Metaspace       used 58911K, capacity 60411K, committed 60580K, reserved 1101824K
  class space    used 7450K, capacity 8006K, committed 8012K, reserved 1048576K
}
Event: 4.749 GC heap before
{Heap before GC invocations=12 (full 0):
 garbage-first heap   total 157696K, used 123184K [0x0000000080000000, 0x0000000100000000)
  region size 1024K, 73 young (74752K), 4 survivors (4096K)
 Metaspace       used 64282K, capacity 65768K, committed 66044K, reserved 1105920K
  class space    used 8112K, capacity 8692K, committed 8780K, reserved 1048576K
}
Event: 4.755 GC heap after
{Heap after GC invocations=13 (full 0):
 garbage-first heap   total 189440K, used 51640K [0x0000000080000000, 0x0000000100000000)
  region size 1024K, 9 young (9216K), 9 survivors (9216K)
 Metaspace       used 64282K, capacity 65768K, committed 66044K, reserved 1105920K
  class space    used 8112K, capacity 8692K, committed 8780K, reserved 1048576K
}
Event: 5.277 GC heap before
{Heap before GC invocations=13 (full 0):
 garbage-first heap   total 189440K, used 139704K [0x0000000080000000, 0x0000000100000000)
  region size 1024K, 95 young (97280K), 9 survivors (9216K)
 Metaspace       used 68251K, capacity 69968K, committed 70268K, reserved 1110016K
  class space    used 8701K, capacity 9334K, committed 9420K, reserved 1048576K
}
Event: 5.285 GC heap after
{Heap after GC invocations=14 (full 0):
 garbage-first heap   total 189440K, used 56640K [0x0000000080000000, 0x0000000100000000)
  region size 1024K, 12 young (12288K), 12 survivors (12288K)
 Metaspace       used 68251K, capacity 69968K, committed 70268K, reserved 1110016K
  class space    used 8701K, capacity 9334K, committed 9420K, reserved 1048576K
}

